2021-07-20 14:10:37.419  INFO 5588 --- [main] cn.hawy.quick.system.UserTest            : Starting UserTest on LAPTOP-TCLTBOL7 with PID 5588 (started by 23661 in D:\square\square\quick)
2021-07-20 14:10:37.420  INFO 5588 --- [main] cn.hawy.quick.system.UserTest            : The following profiles are active: dev
2021-07-20 14:10:39.603  WARN 5588 --- [main] o.m.s.mapper.ClassPathMapperScanner      : Skipping MapperFactoryBean with name 'TAgentAccountFlowMapper' and 'cn.hawy.quick.modular.api.mapper.TAgentAccountFlowMapper' mapperInterface. Bean already defined with the same name!
2021-07-20 14:10:39.603  WARN 5588 --- [main] o.m.s.mapper.ClassPathMapperScanner      : Skipping MapperFactoryBean with name 'TAgentCashFlowMapper' and 'cn.hawy.quick.modular.api.mapper.TAgentCashFlowMapper' mapperInterface. Bean already defined with the same name!
2021-07-20 14:10:39.604  WARN 5588 --- [main] o.m.s.mapper.ClassPathMapperScanner      : Skipping MapperFactoryBean with name 'TAgentInfoMapper' and 'cn.hawy.quick.modular.api.mapper.TAgentInfoMapper' mapperInterface. Bean already defined with the same name!
2021-07-20 14:10:39.604  WARN 5588 --- [main] o.m.s.mapper.ClassPathMapperScanner      : Skipping MapperFactoryBean with name 'TAgentRateChannelMapper' and 'cn.hawy.quick.modular.api.mapper.TAgentRateChannelMapper' mapperInterface. Bean already defined with the same name!
2021-07-20 14:10:39.604  WARN 5588 --- [main] o.m.s.mapper.ClassPathMapperScanner      : Skipping MapperFactoryBean with name 'TBankCardBinMapper' and 'cn.hawy.quick.modular.api.mapper.TBankCardBinMapper' mapperInterface. Bean already defined with the same name!
2021-07-20 14:10:39.604  WARN 5588 --- [main] o.m.s.mapper.ClassPathMapperScanner      : Skipping MapperFactoryBean with name 'TCardAuthMapper' and 'cn.hawy.quick.modular.api.mapper.TCardAuthMapper' mapperInterface. Bean already defined with the same name!
2021-07-20 14:10:39.605  WARN 5588 --- [main] o.m.s.mapper.ClassPathMapperScanner      : Skipping MapperFactoryBean with name 'TDeptAccountFlowMapper' and 'cn.hawy.quick.modular.api.mapper.TDeptAccountFlowMapper' mapperInterface. Bean already defined with the same name!
2021-07-20 14:10:39.605  WARN 5588 --- [main] o.m.s.mapper.ClassPathMapperScanner      : Skipping MapperFactoryBean with name 'TDeptBankCardMapper' and 'cn.hawy.quick.modular.api.mapper.TDeptBankCardMapper' mapperInterface. Bean already defined with the same name!
2021-07-20 14:10:39.605  WARN 5588 --- [main] o.m.s.mapper.ClassPathMapperScanner      : Skipping MapperFactoryBean with name 'TDeptCashFlowMapper' and 'cn.hawy.quick.modular.api.mapper.TDeptCashFlowMapper' mapperInterface. Bean already defined with the same name!
2021-07-20 14:10:39.605  WARN 5588 --- [main] o.m.s.mapper.ClassPathMapperScanner      : Skipping MapperFactoryBean with name 'TDeptInfoMapper' and 'cn.hawy.quick.modular.api.mapper.TDeptInfoMapper' mapperInterface. Bean already defined with the same name!
2021-07-20 14:10:39.605  WARN 5588 --- [main] o.m.s.mapper.ClassPathMapperScanner      : Skipping MapperFactoryBean with name 'TDeptOrderReportMapper' and 'cn.hawy.quick.modular.api.mapper.TDeptOrderReportMapper' mapperInterface. Bean already defined with the same name!
2021-07-20 14:10:39.605  WARN 5588 --- [main] o.m.s.mapper.ClassPathMapperScanner      : Skipping MapperFactoryBean with name 'TDeptRateChannelMapper' and 'cn.hawy.quick.modular.api.mapper.TDeptRateChannelMapper' mapperInterface. Bean already defined with the same name!
2021-07-20 14:10:39.605  WARN 5588 --- [main] o.m.s.mapper.ClassPathMapperScanner      : Skipping MapperFactoryBean with name 'TFestivalHolidayMapper' and 'cn.hawy.quick.modular.api.mapper.TFestivalHolidayMapper' mapperInterface. Bean already defined with the same name!
2021-07-20 14:10:39.605  WARN 5588 --- [main] o.m.s.mapper.ClassPathMapperScanner      : Skipping MapperFactoryBean with name 'TMchCardChannelMapper' and 'cn.hawy.quick.modular.api.mapper.TMchCardChannelMapper' mapperInterface. Bean already defined with the same name!
2021-07-20 14:10:39.605  WARN 5588 --- [main] o.m.s.mapper.ClassPathMapperScanner      : Skipping MapperFactoryBean with name 'TMchCardMapper' and 'cn.hawy.quick.modular.api.mapper.TMchCardMapper' mapperInterface. Bean already defined with the same name!
2021-07-20 14:10:39.606  WARN 5588 --- [main] o.m.s.mapper.ClassPathMapperScanner      : Skipping MapperFactoryBean with name 'TMchCashFlowMapper' and 'cn.hawy.quick.modular.api.mapper.TMchCashFlowMapper' mapperInterface. Bean already defined with the same name!
2021-07-20 14:10:39.606  WARN 5588 --- [main] o.m.s.mapper.ClassPathMapperScanner      : Skipping MapperFactoryBean with name 'TMchImgMapper' and 'cn.hawy.quick.modular.api.mapper.TMchImgMapper' mapperInterface. Bean already defined with the same name!
2021-07-20 14:10:39.606  WARN 5588 --- [main] o.m.s.mapper.ClassPathMapperScanner      : Skipping MapperFactoryBean with name 'TMchInfoChannelMapper' and 'cn.hawy.quick.modular.api.mapper.TMchInfoChannelMapper' mapperInterface. Bean already defined with the same name!
2021-07-20 14:10:39.606  WARN 5588 --- [main] o.m.s.mapper.ClassPathMapperScanner      : Skipping MapperFactoryBean with name 'TMchInfoMapper' and 'cn.hawy.quick.modular.api.mapper.TMchInfoMapper' mapperInterface. Bean already defined with the same name!
2021-07-20 14:10:39.606  WARN 5588 --- [main] o.m.s.mapper.ClassPathMapperScanner      : Skipping MapperFactoryBean with name 'TMchRateChannelMapper' and 'cn.hawy.quick.modular.api.mapper.TMchRateChannelMapper' mapperInterface. Bean already defined with the same name!
2021-07-20 14:10:39.606  WARN 5588 --- [main] o.m.s.mapper.ClassPathMapperScanner      : Skipping MapperFactoryBean with name 'TMerPoolMapper' and 'cn.hawy.quick.modular.api.mapper.TMerPoolMapper' mapperInterface. Bean already defined with the same name!
2021-07-20 14:10:39.606  WARN 5588 --- [main] o.m.s.mapper.ClassPathMapperScanner      : Skipping MapperFactoryBean with name 'TPayOrderBcMapper' and 'cn.hawy.quick.modular.api.mapper.TPayOrderBcMapper' mapperInterface. Bean already defined with the same name!
2021-07-20 14:10:39.607  WARN 5588 --- [main] o.m.s.mapper.ClassPathMapperScanner      : Skipping MapperFactoryBean with name 'TPayOrderMapper' and 'cn.hawy.quick.modular.api.mapper.TPayOrderMapper' mapperInterface. Bean already defined with the same name!
2021-07-20 14:10:39.607  WARN 5588 --- [main] o.m.s.mapper.ClassPathMapperScanner      : Skipping MapperFactoryBean with name 'TPlatformRateChannelMapper' and 'cn.hawy.quick.modular.api.mapper.TPlatformRateChannelMapper' mapperInterface. Bean already defined with the same name!
2021-07-20 14:10:39.607  WARN 5588 --- [main] o.m.s.mapper.ClassPathMapperScanner      : Skipping MapperFactoryBean with name 'deptMapper' and 'cn.hawy.quick.modular.system.mapper.DeptMapper' mapperInterface. Bean already defined with the same name!
2021-07-20 14:10:39.607  WARN 5588 --- [main] o.m.s.mapper.ClassPathMapperScanner      : Skipping MapperFactoryBean with name 'dictMapper' and 'cn.hawy.quick.modular.system.mapper.DictMapper' mapperInterface. Bean already defined with the same name!
2021-07-20 14:10:39.607  WARN 5588 --- [main] o.m.s.mapper.ClassPathMapperScanner      : Skipping MapperFactoryBean with name 'fileInfoMapper' and 'cn.hawy.quick.modular.system.mapper.FileInfoMapper' mapperInterface. Bean already defined with the same name!
2021-07-20 14:10:39.607  WARN 5588 --- [main] o.m.s.mapper.ClassPathMapperScanner      : Skipping MapperFactoryBean with name 'loginLogMapper' and 'cn.hawy.quick.modular.system.mapper.LoginLogMapper' mapperInterface. Bean already defined with the same name!
2021-07-20 14:10:39.607  WARN 5588 --- [main] o.m.s.mapper.ClassPathMapperScanner      : Skipping MapperFactoryBean with name 'menuMapper' and 'cn.hawy.quick.modular.system.mapper.MenuMapper' mapperInterface. Bean already defined with the same name!
2021-07-20 14:10:39.607  WARN 5588 --- [main] o.m.s.mapper.ClassPathMapperScanner      : Skipping MapperFactoryBean with name 'noticeMapper' and 'cn.hawy.quick.modular.system.mapper.NoticeMapper' mapperInterface. Bean already defined with the same name!
2021-07-20 14:10:39.608  WARN 5588 --- [main] o.m.s.mapper.ClassPathMapperScanner      : Skipping MapperFactoryBean with name 'operationLogMapper' and 'cn.hawy.quick.modular.system.mapper.OperationLogMapper' mapperInterface. Bean already defined with the same name!
2021-07-20 14:10:39.608  WARN 5588 --- [main] o.m.s.mapper.ClassPathMapperScanner      : Skipping MapperFactoryBean with name 'relationMapper' and 'cn.hawy.quick.modular.system.mapper.RelationMapper' mapperInterface. Bean already defined with the same name!
2021-07-20 14:10:39.608  WARN 5588 --- [main] o.m.s.mapper.ClassPathMapperScanner      : Skipping MapperFactoryBean with name 'roleMapper' and 'cn.hawy.quick.modular.system.mapper.RoleMapper' mapperInterface. Bean already defined with the same name!
2021-07-20 14:10:39.608  WARN 5588 --- [main] o.m.s.mapper.ClassPathMapperScanner      : Skipping MapperFactoryBean with name 'userMapper' and 'cn.hawy.quick.modular.system.mapper.UserMapper' mapperInterface. Bean already defined with the same name!
2021-07-20 14:10:39.670  INFO 5588 --- [main] .s.d.r.c.RepositoryConfigurationDelegate : Multiple Spring Data modules found, entering strict repository configuration mode!
2021-07-20 14:10:39.674  INFO 5588 --- [main] .s.d.r.c.RepositoryConfigurationDelegate : Bootstrapping Spring Data repositories in DEFAULT mode.
2021-07-20 14:10:39.798  INFO 5588 --- [main] .s.d.r.c.RepositoryConfigurationDelegate : Finished Spring Data repository scanning in 103ms. Found 0 repository interfaces.
2021-07-20 14:10:40.362  INFO 5588 --- [main] trationDelegate$BeanPostProcessorChecker : Bean 'shiroConfig' of type [cn.hawy.quick.config.web.ShiroConfig$$EnhancerBySpringCGLIB$$a67ee91c] is not eligible for getting processed by all BeanPostProcessors (for example: not eligible for auto-proxying)
2021-07-20 14:10:40.431  INFO 5588 --- [main] trationDelegate$BeanPostProcessorChecker : Bean 'rememberMeCookie' of type [org.apache.shiro.web.servlet.SimpleCookie] is not eligible for getting processed by all BeanPostProcessors (for example: not eligible for auto-proxying)
2021-07-20 14:10:41.251  INFO 5588 --- [main] trationDelegate$BeanPostProcessorChecker : Bean 'rememberMeManager' of type [org.apache.shiro.web.mgt.CookieRememberMeManager] is not eligible for getting processed by all BeanPostProcessors (for example: not eligible for auto-proxying)
2021-07-20 14:10:41.256  INFO 5588 --- [main] trationDelegate$BeanPostProcessorChecker : Bean 'ehCacheConfig' of type [cn.hawy.quick.config.EhCacheConfig$$EnhancerBySpringCGLIB$$5e7d0324] is not eligible for getting processed by all BeanPostProcessors (for example: not eligible for auto-proxying)
2021-07-20 14:10:41.265  INFO 5588 --- [main] o.s.c.ehcache.EhCacheManagerFactoryBean  : Initializing EhCache CacheManager
2021-07-20 14:10:41.425  INFO 5588 --- [main] trationDelegate$BeanPostProcessorChecker : Bean 'ehcache' of type [org.springframework.cache.ehcache.EhCacheManagerFactoryBean] is not eligible for getting processed by all BeanPostProcessors (for example: not eligible for auto-proxying)
2021-07-20 14:10:41.430  INFO 5588 --- [main] trationDelegate$BeanPostProcessorChecker : Bean 'getCacheShiroManager' of type [org.apache.shiro.cache.ehcache.EhCacheManager] is not eligible for getting processed by all BeanPostProcessors (for example: not eligible for auto-proxying)
2021-07-20 14:10:41.452  INFO 5588 --- [main] trationDelegate$BeanPostProcessorChecker : Bean 'gunsProperties' of type [cn.hawy.quick.config.properties.GunsProperties] is not eligible for getting processed by all BeanPostProcessors (for example: not eligible for auto-proxying)
2021-07-20 14:10:41.470  INFO 5588 --- [main] trationDelegate$BeanPostProcessorChecker : Bean 'defaultWebSessionManager' of type [cn.hawy.quick.core.shiro.AngWebSessionManager] is not eligible for getting processed by all BeanPostProcessors (for example: not eligible for auto-proxying)
2021-07-20 14:10:41.498  INFO 5588 --- [main] trationDelegate$BeanPostProcessorChecker : Bean 'shiroDbRealm' of type [cn.hawy.quick.core.shiro.ShiroDbRealm] is not eligible for getting processed by all BeanPostProcessors (for example: not eligible for auto-proxying)
2021-07-20 14:10:41.499  INFO 5588 --- [main] o.a.shiro.cache.ehcache.EhCacheManager   : Cache with name 'cn.hawy.quick.core.shiro.ShiroDbRealm.authorizationCache' does not yet exist.  Creating now.
2021-07-20 14:10:41.506  INFO 5588 --- [main] o.a.shiro.cache.ehcache.EhCacheManager   : Added EhCache named [cn.hawy.quick.core.shiro.ShiroDbRealm.authorizationCache]
2021-07-20 14:10:41.519  INFO 5588 --- [main] trationDelegate$BeanPostProcessorChecker : Bean 'securityManager' of type [org.apache.shiro.web.mgt.DefaultWebSecurityManager] is not eligible for getting processed by all BeanPostProcessors (for example: not eligible for auto-proxying)
2021-07-20 14:10:41.528  INFO 5588 --- [main] trationDelegate$BeanPostProcessorChecker : Bean 'methodInvokingFactoryBean' of type [org.springframework.beans.factory.config.MethodInvokingFactoryBean] is not eligible for getting processed by all BeanPostProcessors (for example: not eligible for auto-proxying)
2021-07-20 14:10:41.544  INFO 5588 --- [main] trationDelegate$BeanPostProcessorChecker : Bean 'webConfig' of type [cn.hawy.quick.config.web.WebConfig$$EnhancerBySpringCGLIB$$ed52145f] is not eligible for getting processed by all BeanPostProcessors (for example: not eligible for auto-proxying)
2021-07-20 14:10:41.682  INFO 5588 --- [main] trationDelegate$BeanPostProcessorChecker : Bean 'authorizationAttributeSourceAdvisor' of type [org.apache.shiro.spring.security.interceptor.AuthorizationAttributeSourceAdvisor] is not eligible for getting processed by all BeanPostProcessors (for example: not eligible for auto-proxying)
2021-07-20 14:10:41.695  INFO 5588 --- [main] trationDelegate$BeanPostProcessorChecker : Bean 'druidStatPointcut' of type [org.springframework.aop.support.JdkRegexpMethodPointcut] is not eligible for getting processed by all BeanPostProcessors (for example: not eligible for auto-proxying)
2021-07-20 14:10:41.710  INFO 5588 --- [main] trationDelegate$BeanPostProcessorChecker : Bean 'druidStatInterceptor' of type [com.alibaba.druid.support.spring.stat.DruidStatInterceptor] is not eligible for getting processed by all BeanPostProcessors (for example: not eligible for auto-proxying)
2021-07-20 14:10:41.715  INFO 5588 --- [main] trationDelegate$BeanPostProcessorChecker : Bean 'druidStatAdvisor' of type [org.springframework.aop.support.DefaultPointcutAdvisor] is not eligible for getting processed by all BeanPostProcessors (for example: not eligible for auto-proxying)
2021-07-20 14:10:41.765  INFO 5588 --- [main] trationDelegate$BeanPostProcessorChecker : Bean 'org.springframework.transaction.annotation.ProxyTransactionManagementConfiguration' of type [org.springframework.transaction.annotation.ProxyTransactionManagementConfiguration$$EnhancerBySpringCGLIB$$72e0c1f9] is not eligible for getting processed by all BeanPostProcessors (for example: not eligible for auto-proxying)
2021-07-20 14:10:43.245  INFO 5588 --- [main] o.s.s.concurrent.ThreadPoolTaskExecutor  : Initializing ExecutorService 'applicationTaskExecutor'
2021-07-20 14:10:44.755  INFO 5588 --- [main] com.alibaba.druid.pool.DruidDataSource   : {dataSource-1} inited
2021-07-20 14:10:50.013  INFO 5588 --- [main] pertySourcedRequestMappingHandlerMapping : Mapped URL path [/v2/api-docs] onto method [public org.springframework.http.ResponseEntity<springfox.documentation.spring.web.json.Json> springfox.documentation.swagger2.web.Swagger2Controller.getDocumentation(java.lang.String,javax.servlet.http.HttpServletRequest)]
2021-07-20 14:10:51.777  INFO 5588 --- [main] o.s.s.c.ThreadPoolTaskScheduler          : Initializing ExecutorService 'taskScheduler'
2021-07-20 14:10:51.941  INFO 5588 --- [main] d.s.w.p.DocumentationPluginsBootstrapper : Context refreshed
2021-07-20 14:10:51.969  INFO 5588 --- [main] d.s.w.p.DocumentationPluginsBootstrapper : Found 1 custom documentation plugin(s)
2021-07-20 14:10:52.012  INFO 5588 --- [main] s.d.s.w.s.ApiListingReferenceScanner     : Scanning for api listing references
2021-07-20 14:10:52.226  INFO 5588 --- [main] .d.s.w.r.o.CachingOperationNameGenerator : Generating unique operation named: binkCardUsingPOST_1
2021-07-20 14:10:52.249  INFO 5588 --- [main] .d.s.w.r.o.CachingOperationNameGenerator : Generating unique operation named: registerUsingPOST_1
2021-07-20 14:10:52.285  INFO 5588 --- [main] .d.s.w.r.o.CachingOperationNameGenerator : Generating unique operation named: orderNotifyUsingPOST_1
2021-07-20 14:10:52.289  INFO 5588 --- [main] .d.s.w.r.o.CachingOperationNameGenerator : Generating unique operation named: queryUsingPOST_1
2021-07-20 14:10:52.436  INFO 5588 --- [main] o.apache.activemq.broker.BrokerService   : Loaded the Bouncy Castle security provider.
2021-07-20 14:10:52.499  INFO 5588 --- [main] o.apache.activemq.broker.BrokerService   : Using Persistence Adapter: MemoryPersistenceAdapter
2021-07-20 14:10:52.539  INFO 5588 --- [JMX connector] o.a.a.broker.jmx.ManagementContext       : JMX consoles can connect to service:jmx:rmi:///jndi/rmi://localhost:1099/jmxrmi
2021-07-20 14:10:52.662  INFO 5588 --- [main] o.apache.activemq.broker.BrokerService   : Apache ActiveMQ 5.15.8 (localhost, ID:LAPTOP-TCLTBOL7-49895-1626761452527-0:1) is starting
2021-07-20 14:10:52.668  INFO 5588 --- [main] o.apache.activemq.broker.BrokerService   : Apache ActiveMQ 5.15.8 (localhost, ID:LAPTOP-TCLTBOL7-49895-1626761452527-0:1) started
2021-07-20 14:10:52.668  INFO 5588 --- [main] o.apache.activemq.broker.BrokerService   : For help or more information please see: http://activemq.apache.org
2021-07-20 14:10:52.711  INFO 5588 --- [main] o.a.activemq.broker.TransportConnector   : Connector vm://localhost started
2021-07-20 14:10:52.788  INFO 5588 --- [main] cn.hawy.quick.system.UserTest            : Started UserTest in 15.901 seconds (JVM running for 17.27)
2021-07-20 14:10:53.064  INFO 5588 --- [main] o.s.b.t.m.w.SpringBootMockServletContext : Initializing Spring TestDispatcherServlet ''
2021-07-20 14:10:53.064  INFO 5588 --- [main] o.s.t.web.servlet.TestDispatcherServlet  : Initializing Servlet ''
2021-07-20 14:10:53.094  INFO 5588 --- [main] o.s.t.web.servlet.TestDispatcherServlet  : Completed initialization in 30 ms
2021-07-20 14:10:53.104  INFO 5588 --- [ActiveMQ ShutdownHook] o.apache.activemq.broker.BrokerService   : Apache ActiveMQ 5.15.8 (localhost, ID:LAPTOP-TCLTBOL7-49895-1626761452527-0:1) is shutting down
2021-07-20 14:10:53.115  INFO 5588 --- [ActiveMQ Connection Executor: vm://localhost#0] o.s.j.c.CachingConnectionFactory         : Encountered a JMSException - resetting the underlying JMS Connection

javax.jms.JMSException: peer (vm://localhost#1) stopped.
	at org.apache.activemq.util.JMSExceptionSupport.create(JMSExceptionSupport.java:54) ~[activemq-client-5.15.8.jar:5.15.8]
	at org.apache.activemq.ActiveMQConnection.onAsyncException(ActiveMQConnection.java:1960) ~[activemq-client-5.15.8.jar:5.15.8]
	at org.apache.activemq.ActiveMQConnection.onException(ActiveMQConnection.java:1979) ~[activemq-client-5.15.8.jar:5.15.8]
	at org.apache.activemq.transport.TransportFilter.onException(TransportFilter.java:114) ~[activemq-client-5.15.8.jar:5.15.8]
	at org.apache.activemq.transport.ResponseCorrelator.onException(ResponseCorrelator.java:126) ~[activemq-client-5.15.8.jar:5.15.8]
	at org.apache.activemq.transport.TransportFilter.onException(TransportFilter.java:114) ~[activemq-client-5.15.8.jar:5.15.8]
	at org.apache.activemq.transport.vm.VMTransport.stop(VMTransport.java:233) ~[activemq-broker-5.15.8.jar:5.15.8]
	at org.apache.activemq.transport.TransportFilter.stop(TransportFilter.java:72) ~[activemq-client-5.15.8.jar:5.15.8]
	at org.apache.activemq.transport.TransportFilter.stop(TransportFilter.java:72) ~[activemq-client-5.15.8.jar:5.15.8]
	at org.apache.activemq.transport.ResponseCorrelator.stop(ResponseCorrelator.java:132) ~[activemq-client-5.15.8.jar:5.15.8]
	at org.apache.activemq.broker.TransportConnection.doStop(TransportConnection.java:1193) ~[activemq-broker-5.15.8.jar:5.15.8]
	at org.apache.activemq.broker.TransportConnection$4.run(TransportConnection.java:1159) ~[activemq-broker-5.15.8.jar:5.15.8]
	at java.util.concurrent.ThreadPoolExecutor.runWorker(ThreadPoolExecutor.java:1149) [na:1.8.0_292]
	at java.util.concurrent.ThreadPoolExecutor$Worker.run(ThreadPoolExecutor.java:624) [na:1.8.0_292]
	at java.lang.Thread.run(Thread.java:748) [na:1.8.0_292]
Caused by: org.apache.activemq.transport.TransportDisposedIOException: peer (vm://localhost#1) stopped.
	... 9 common frames omitted

2021-07-20 14:10:53.123  INFO 5588 --- [ActiveMQ ShutdownHook] o.a.activemq.broker.TransportConnector   : Connector vm://localhost stopped
2021-07-20 14:10:53.138  INFO 5588 --- [ActiveMQ ShutdownHook] o.apache.activemq.broker.BrokerService   : Apache ActiveMQ 5.15.8 (localhost, ID:LAPTOP-TCLTBOL7-49895-1626761452527-0:1) uptime 0.677 seconds
2021-07-20 14:10:53.138  INFO 5588 --- [ActiveMQ ShutdownHook] o.apache.activemq.broker.BrokerService   : Apache ActiveMQ 5.15.8 (localhost, ID:LAPTOP-TCLTBOL7-49895-1626761452527-0:1) is shutdown
2021-07-20 14:10:58.135  WARN 5588 --- [DefaultMessageListenerContainer-1] o.s.j.l.DefaultMessageListenerContainer  : Setup of JMS message listener invoker failed for destination 'quick.bind.card.notify.queue' - trying to recover. Cause: The Session is closed
2021-07-20 14:10:58.137  INFO 5588 --- [Thread-6] o.s.s.c.ThreadPoolTaskScheduler          : Shutting down ExecutorService 'taskScheduler'
2021-07-20 14:10:58.165  INFO 5588 --- [Thread-6] com.alibaba.druid.pool.DruidDataSource   : {dataSource-1} closed
2021-07-20 14:10:58.166  INFO 5588 --- [Thread-6] o.s.s.concurrent.ThreadPoolTaskExecutor  : Shutting down ExecutorService 'applicationTaskExecutor'
2021-07-20 14:10:58.167  INFO 5588 --- [Thread-6] o.s.c.ehcache.EhCacheManagerFactoryBean  : Shutting down EhCache CacheManager
