2021-07-23 11:29:55.820  INFO 18716 --- [restartedMain] cn.hawy.quick.agent.GunsApplication      : Starting GunsApplication on LAPTOP-TCLTBOL7 with PID 18716 (D:\square\square\quick-agent\target\classes started by 23661 in D:\square)
2021-07-23 11:29:55.824  INFO 18716 --- [restartedMain] cn.hawy.quick.agent.GunsApplication      : The following profiles are active: dev
2021-07-23 11:29:55.884  INFO 18716 --- [restartedMain] .e.DevToolsPropertyDefaultsPostProcessor : Devtools property defaults active! Set 'spring.devtools.add-properties' to 'false' to disable
2021-07-23 11:29:55.885  INFO 18716 --- [restartedMain] .e.DevToolsPropertyDefaultsPostProcessor : For additional web related logging consider setting the 'logging.level.web' property to 'DEBUG'
2021-07-23 11:29:57.311  WARN 18716 --- [restartedMain] o.m.s.mapper.ClassPathMapperScanner      : Skipping MapperFactoryBean with name 'TAgentAccountFlowMapper' and 'cn.hawy.quick.agent.modular.business.mapper.TAgentAccountFlowMapper' mapperInterface. Bean already defined with the same name!
2021-07-23 11:29:57.311  WARN 18716 --- [restartedMain] o.m.s.mapper.ClassPathMapperScanner      : Skipping MapperFactoryBean with name 'TAgentCashFlowMapper' and 'cn.hawy.quick.agent.modular.business.mapper.TAgentCashFlowMapper' mapperInterface. Bean already defined with the same name!
2021-07-23 11:29:57.311  WARN 18716 --- [restartedMain] o.m.s.mapper.ClassPathMapperScanner      : Skipping MapperFactoryBean with name 'TAgentInfoMapper' and 'cn.hawy.quick.agent.modular.business.mapper.TAgentInfoMapper' mapperInterface. Bean already defined with the same name!
2021-07-23 11:29:57.311  WARN 18716 --- [restartedMain] o.m.s.mapper.ClassPathMapperScanner      : Skipping MapperFactoryBean with name 'TAgentRateChannelMapper' and 'cn.hawy.quick.agent.modular.business.mapper.TAgentRateChannelMapper' mapperInterface. Bean already defined with the same name!
2021-07-23 11:29:57.311  WARN 18716 --- [restartedMain] o.m.s.mapper.ClassPathMapperScanner      : Skipping MapperFactoryBean with name 'TDeptInfoMapper' and 'cn.hawy.quick.agent.modular.business.mapper.TDeptInfoMapper' mapperInterface. Bean already defined with the same name!
2021-07-23 11:29:57.312  WARN 18716 --- [restartedMain] o.m.s.mapper.ClassPathMapperScanner      : Skipping MapperFactoryBean with name 'TPayOrderMapper' and 'cn.hawy.quick.agent.modular.business.mapper.TPayOrderMapper' mapperInterface. Bean already defined with the same name!
2021-07-23 11:29:57.312  WARN 18716 --- [restartedMain] o.m.s.mapper.ClassPathMapperScanner      : Skipping MapperFactoryBean with name 'dictMapper' and 'cn.hawy.quick.agent.modular.system.mapper.DictMapper' mapperInterface. Bean already defined with the same name!
2021-07-23 11:29:57.312  WARN 18716 --- [restartedMain] o.m.s.mapper.ClassPathMapperScanner      : Skipping MapperFactoryBean with name 'menuMapper' and 'cn.hawy.quick.agent.modular.system.mapper.MenuMapper' mapperInterface. Bean already defined with the same name!
2021-07-23 11:29:57.312  WARN 18716 --- [restartedMain] o.m.s.mapper.ClassPathMapperScanner      : Skipping MapperFactoryBean with name 'userMapper' and 'cn.hawy.quick.agent.modular.system.mapper.UserMapper' mapperInterface. Bean already defined with the same name!
2021-07-23 11:29:57.356  INFO 18716 --- [restartedMain] .s.d.r.c.RepositoryConfigurationDelegate : Multiple Spring Data modules found, entering strict repository configuration mode!
2021-07-23 11:29:57.357  INFO 18716 --- [restartedMain] .s.d.r.c.RepositoryConfigurationDelegate : Bootstrapping Spring Data repositories in DEFAULT mode.
2021-07-23 11:29:57.415  INFO 18716 --- [restartedMain] .s.d.r.c.RepositoryConfigurationDelegate : Finished Spring Data repository scanning in 48ms. Found 0 repository interfaces.
2021-07-23 11:29:57.646  INFO 18716 --- [restartedMain] trationDelegate$BeanPostProcessorChecker : Bean 'shiroConfig' of type [cn.hawy.quick.agent.config.web.ShiroConfig$$EnhancerBySpringCGLIB$$6383d46e] is not eligible for getting processed by all BeanPostProcessors (for example: not eligible for auto-proxying)
2021-07-23 11:29:57.686  INFO 18716 --- [restartedMain] trationDelegate$BeanPostProcessorChecker : Bean 'rememberMeCookie' of type [org.apache.shiro.web.servlet.SimpleCookie] is not eligible for getting processed by all BeanPostProcessors (for example: not eligible for auto-proxying)
2021-07-23 11:29:57.721  INFO 18716 --- [restartedMain] trationDelegate$BeanPostProcessorChecker : Bean 'rememberMeManager' of type [org.apache.shiro.web.mgt.CookieRememberMeManager] is not eligible for getting processed by all BeanPostProcessors (for example: not eligible for auto-proxying)
2021-07-23 11:29:57.724  INFO 18716 --- [restartedMain] trationDelegate$BeanPostProcessorChecker : Bean 'ehCacheConfig' of type [cn.hawy.quick.agent.config.EhCacheConfig$$EnhancerBySpringCGLIB$$b32df4b6] is not eligible for getting processed by all BeanPostProcessors (for example: not eligible for auto-proxying)
2021-07-23 11:29:57.726  INFO 18716 --- [restartedMain] o.s.c.ehcache.EhCacheManagerFactoryBean  : Initializing EhCache CacheManager
2021-07-23 11:29:57.840  INFO 18716 --- [restartedMain] trationDelegate$BeanPostProcessorChecker : Bean 'ehcache' of type [org.springframework.cache.ehcache.EhCacheManagerFactoryBean] is not eligible for getting processed by all BeanPostProcessors (for example: not eligible for auto-proxying)
2021-07-23 11:29:57.842  INFO 18716 --- [restartedMain] trationDelegate$BeanPostProcessorChecker : Bean 'getCacheShiroManager' of type [org.apache.shiro.cache.ehcache.EhCacheManager] is not eligible for getting processed by all BeanPostProcessors (for example: not eligible for auto-proxying)
2021-07-23 11:29:57.861  INFO 18716 --- [restartedMain] trationDelegate$BeanPostProcessorChecker : Bean 'gunsProperties' of type [cn.hawy.quick.agent.config.properties.GunsProperties] is not eligible for getting processed by all BeanPostProcessors (for example: not eligible for auto-proxying)
2021-07-23 11:29:57.867  INFO 18716 --- [restartedMain] trationDelegate$BeanPostProcessorChecker : Bean 'defaultWebSessionManager' of type [cn.hawy.quick.agent.core.shiro.AngWebSessionManager] is not eligible for getting processed by all BeanPostProcessors (for example: not eligible for auto-proxying)
2021-07-23 11:29:57.878  INFO 18716 --- [restartedMain] trationDelegate$BeanPostProcessorChecker : Bean 'shiroDbRealm' of type [cn.hawy.quick.agent.core.shiro.ShiroDbRealm] is not eligible for getting processed by all BeanPostProcessors (for example: not eligible for auto-proxying)
2021-07-23 11:29:57.878  INFO 18716 --- [restartedMain] o.a.shiro.cache.ehcache.EhCacheManager   : Cache with name 'cn.hawy.quick.agent.core.shiro.ShiroDbRealm.authorizationCache' does not yet exist.  Creating now.
2021-07-23 11:29:57.894  INFO 18716 --- [restartedMain] o.a.shiro.cache.ehcache.EhCacheManager   : Added EhCache named [cn.hawy.quick.agent.core.shiro.ShiroDbRealm.authorizationCache]
2021-07-23 11:29:57.895  INFO 18716 --- [restartedMain] trationDelegate$BeanPostProcessorChecker : Bean 'securityManager' of type [org.apache.shiro.web.mgt.DefaultWebSecurityManager] is not eligible for getting processed by all BeanPostProcessors (for example: not eligible for auto-proxying)
2021-07-23 11:29:57.897  INFO 18716 --- [restartedMain] trationDelegate$BeanPostProcessorChecker : Bean 'methodInvokingFactoryBean' of type [org.springframework.beans.factory.config.MethodInvokingFactoryBean] is not eligible for getting processed by all BeanPostProcessors (for example: not eligible for auto-proxying)
2021-07-23 11:29:57.908  INFO 18716 --- [restartedMain] trationDelegate$BeanPostProcessorChecker : Bean 'webConfig' of type [cn.hawy.quick.agent.config.web.WebConfig$$EnhancerBySpringCGLIB$$420305f1] is not eligible for getting processed by all BeanPostProcessors (for example: not eligible for auto-proxying)
2021-07-23 11:29:57.953  INFO 18716 --- [restartedMain] trationDelegate$BeanPostProcessorChecker : Bean 'authorizationAttributeSourceAdvisor' of type [org.apache.shiro.spring.security.interceptor.AuthorizationAttributeSourceAdvisor] is not eligible for getting processed by all BeanPostProcessors (for example: not eligible for auto-proxying)
2021-07-23 11:29:57.957  INFO 18716 --- [restartedMain] trationDelegate$BeanPostProcessorChecker : Bean 'druidStatPointcut' of type [org.springframework.aop.support.JdkRegexpMethodPointcut] is not eligible for getting processed by all BeanPostProcessors (for example: not eligible for auto-proxying)
2021-07-23 11:29:57.962  INFO 18716 --- [restartedMain] trationDelegate$BeanPostProcessorChecker : Bean 'druidStatInterceptor' of type [com.alibaba.druid.support.spring.stat.DruidStatInterceptor] is not eligible for getting processed by all BeanPostProcessors (for example: not eligible for auto-proxying)
2021-07-23 11:29:57.963  INFO 18716 --- [restartedMain] trationDelegate$BeanPostProcessorChecker : Bean 'druidStatAdvisor' of type [org.springframework.aop.support.DefaultPointcutAdvisor] is not eligible for getting processed by all BeanPostProcessors (for example: not eligible for auto-proxying)
2021-07-23 11:29:58.003  INFO 18716 --- [restartedMain] trationDelegate$BeanPostProcessorChecker : Bean 'org.springframework.transaction.annotation.ProxyTransactionManagementConfiguration' of type [org.springframework.transaction.annotation.ProxyTransactionManagementConfiguration$$EnhancerBySpringCGLIB$$aaed58e2] is not eligible for getting processed by all BeanPostProcessors (for example: not eligible for auto-proxying)
2021-07-23 11:29:58.529  INFO 18716 --- [restartedMain] o.s.b.w.embedded.tomcat.TomcatWebServer  : Tomcat initialized with port(s): 8030 (http)
2021-07-23 11:29:58.544  INFO 18716 --- [restartedMain] o.apache.catalina.core.StandardService   : Starting service [Tomcat]
2021-07-23 11:29:58.544  INFO 18716 --- [restartedMain] org.apache.catalina.core.StandardEngine  : Starting Servlet Engine: Apache Tomcat/9.0.13
2021-07-23 11:29:58.549  INFO 18716 --- [restartedMain] o.a.catalina.core.AprLifecycleListener   : Loaded APR based Apache Tomcat Native library [1.2.23] using APR version [1.7.0].
2021-07-23 11:29:58.549  INFO 18716 --- [restartedMain] o.a.catalina.core.AprLifecycleListener   : APR capabilities: IPv6 [true], sendfile [true], accept filters [false], random [true].
2021-07-23 11:29:58.549  INFO 18716 --- [restartedMain] o.a.catalina.core.AprLifecycleListener   : APR/OpenSSL configuration: useAprConnector [false], useOpenSSL [true]
2021-07-23 11:29:58.553  INFO 18716 --- [restartedMain] o.a.catalina.core.AprLifecycleListener   : OpenSSL successfully initialized [OpenSSL 1.1.1c  28 May 2019]
2021-07-23 11:29:58.671  INFO 18716 --- [restartedMain] o.a.c.c.C.[Tomcat].[localhost].[/]       : Initializing Spring embedded WebApplicationContext
2021-07-23 11:29:58.671  INFO 18716 --- [restartedMain] o.s.web.context.ContextLoader            : Root WebApplicationContext: initialization completed in 2785 ms
2021-07-23 11:29:59.105  INFO 18716 --- [restartedMain] o.s.s.concurrent.ThreadPoolTaskExecutor  : Initializing ExecutorService 'applicationTaskExecutor'
2021-07-23 11:29:59.271  INFO 18716 --- [restartedMain] o.s.b.d.a.OptionalLiveReloadServer       : LiveReload server is running on port 35729
2021-07-23 11:30:00.037  INFO 18716 --- [restartedMain] com.alibaba.druid.pool.DruidDataSource   : {dataSource-1} inited
2021-07-23 11:30:01.649  INFO 18716 --- [restartedMain] pertySourcedRequestMappingHandlerMapping : Mapped URL path [/v2/api-docs] onto method [public org.springframework.http.ResponseEntity<springfox.documentation.spring.web.json.Json> springfox.documentation.swagger2.web.Swagger2Controller.getDocumentation(java.lang.String,javax.servlet.http.HttpServletRequest)]
2021-07-23 11:30:02.293  INFO 18716 --- [restartedMain] o.s.s.c.ThreadPoolTaskScheduler          : Initializing ExecutorService 'taskScheduler'
2021-07-23 11:30:02.362  INFO 18716 --- [restartedMain] d.s.w.p.DocumentationPluginsBootstrapper : Context refreshed
2021-07-23 11:30:02.377  INFO 18716 --- [restartedMain] d.s.w.p.DocumentationPluginsBootstrapper : Found 1 custom documentation plugin(s)
2021-07-23 11:30:02.408  INFO 18716 --- [restartedMain] s.d.s.w.s.ApiListingReferenceScanner     : Scanning for api listing references
2021-07-23 11:30:02.842  INFO 18716 --- [restartedMain] o.s.b.w.embedded.tomcat.TomcatWebServer  : Tomcat started on port(s): 8030 (http) with context path ''
2021-07-23 11:30:02.844  INFO 18716 --- [restartedMain] cn.hawy.quick.agent.GunsApplication      : Started GunsApplication in 7.48 seconds (JVM running for 10.65)
2021-07-23 11:30:02.848  INFO 18716 --- [restartedMain] cn.hawy.quick.agent.GunsApplication      : GunsApplication is success!
2021-07-23 11:30:05.307  INFO 18716 --- [http-nio-8030-exec-1] o.a.c.c.C.[Tomcat].[localhost].[/]       : Initializing Spring DispatcherServlet 'dispatcherServlet'
2021-07-23 11:30:05.308  INFO 18716 --- [http-nio-8030-exec-1] o.s.web.servlet.DispatcherServlet        : Initializing Servlet 'dispatcherServlet'
2021-07-23 11:30:05.326  INFO 18716 --- [http-nio-8030-exec-1] o.s.web.servlet.DispatcherServlet        : Completed initialization in 18 ms
2021-07-23 11:30:05.343  INFO 18716 --- [http-nio-8030-exec-1] a.s.s.m.AbstractValidatingSessionManager : Enabling session validation scheduler...
2021-07-23 11:30:52.600  INFO 18732 --- [restartedMain] cn.hawy.quick.partner.GunsApplication    : Starting GunsApplication on LAPTOP-TCLTBOL7 with PID 18732 (D:\square\square\quick-partner\target\classes started by 23661 in D:\square)
2021-07-23 11:30:52.603  INFO 18732 --- [restartedMain] cn.hawy.quick.partner.GunsApplication    : The following profiles are active: dev
2021-07-23 11:30:52.675  INFO 18732 --- [restartedMain] .e.DevToolsPropertyDefaultsPostProcessor : Devtools property defaults active! Set 'spring.devtools.add-properties' to 'false' to disable
2021-07-23 11:30:52.675  INFO 18732 --- [restartedMain] .e.DevToolsPropertyDefaultsPostProcessor : For additional web related logging consider setting the 'logging.level.web' property to 'DEBUG'
2021-07-23 11:30:54.093  WARN 18732 --- [restartedMain] o.m.s.mapper.ClassPathMapperScanner      : Skipping MapperFactoryBean with name 'TCardAuthMapper' and 'cn.hawy.quick.partner.modular.business.mapper.TCardAuthMapper' mapperInterface. Bean already defined with the same name!
2021-07-23 11:30:54.093  WARN 18732 --- [restartedMain] o.m.s.mapper.ClassPathMapperScanner      : Skipping MapperFactoryBean with name 'TDeptAccountFlowMapper' and 'cn.hawy.quick.partner.modular.business.mapper.TDeptAccountFlowMapper' mapperInterface. Bean already defined with the same name!
2021-07-23 11:30:54.093  WARN 18732 --- [restartedMain] o.m.s.mapper.ClassPathMapperScanner      : Skipping MapperFactoryBean with name 'TDeptBankCardMapper' and 'cn.hawy.quick.partner.modular.business.mapper.TDeptBankCardMapper' mapperInterface. Bean already defined with the same name!
2021-07-23 11:30:54.093  WARN 18732 --- [restartedMain] o.m.s.mapper.ClassPathMapperScanner      : Skipping MapperFactoryBean with name 'TDeptCashFlowMapper' and 'cn.hawy.quick.partner.modular.business.mapper.TDeptCashFlowMapper' mapperInterface. Bean already defined with the same name!
2021-07-23 11:30:54.093  WARN 18732 --- [restartedMain] o.m.s.mapper.ClassPathMapperScanner      : Skipping MapperFactoryBean with name 'TDeptInfoMapper' and 'cn.hawy.quick.partner.modular.business.mapper.TDeptInfoMapper' mapperInterface. Bean already defined with the same name!
2021-07-23 11:30:54.093  WARN 18732 --- [restartedMain] o.m.s.mapper.ClassPathMapperScanner      : Skipping MapperFactoryBean with name 'TDeptOrderReportMapper' and 'cn.hawy.quick.partner.modular.business.mapper.TDeptOrderReportMapper' mapperInterface. Bean already defined with the same name!
2021-07-23 11:30:54.093  WARN 18732 --- [restartedMain] o.m.s.mapper.ClassPathMapperScanner      : Skipping MapperFactoryBean with name 'TDeptRateChannelMapper' and 'cn.hawy.quick.partner.modular.business.mapper.TDeptRateChannelMapper' mapperInterface. Bean already defined with the same name!
2021-07-23 11:30:54.094  WARN 18732 --- [restartedMain] o.m.s.mapper.ClassPathMapperScanner      : Skipping MapperFactoryBean with name 'TMchCardMapper' and 'cn.hawy.quick.partner.modular.business.mapper.TMchCardMapper' mapperInterface. Bean already defined with the same name!
2021-07-23 11:30:54.094  WARN 18732 --- [restartedMain] o.m.s.mapper.ClassPathMapperScanner      : Skipping MapperFactoryBean with name 'TMchCashFlowMapper' and 'cn.hawy.quick.partner.modular.business.mapper.TMchCashFlowMapper' mapperInterface. Bean already defined with the same name!
2021-07-23 11:30:54.094  WARN 18732 --- [restartedMain] o.m.s.mapper.ClassPathMapperScanner      : Skipping MapperFactoryBean with name 'TMchInfoMapper' and 'cn.hawy.quick.partner.modular.business.mapper.TMchInfoMapper' mapperInterface. Bean already defined with the same name!
2021-07-23 11:30:54.094  WARN 18732 --- [restartedMain] o.m.s.mapper.ClassPathMapperScanner      : Skipping MapperFactoryBean with name 'TPayOrderMapper' and 'cn.hawy.quick.partner.modular.business.mapper.TPayOrderMapper' mapperInterface. Bean already defined with the same name!
2021-07-23 11:30:54.094  WARN 18732 --- [restartedMain] o.m.s.mapper.ClassPathMapperScanner      : Skipping MapperFactoryBean with name 'dictMapper' and 'cn.hawy.quick.partner.modular.system.mapper.DictMapper' mapperInterface. Bean already defined with the same name!
2021-07-23 11:30:54.094  WARN 18732 --- [restartedMain] o.m.s.mapper.ClassPathMapperScanner      : Skipping MapperFactoryBean with name 'menuMapper' and 'cn.hawy.quick.partner.modular.system.mapper.MenuMapper' mapperInterface. Bean already defined with the same name!
2021-07-23 11:30:54.094  WARN 18732 --- [restartedMain] o.m.s.mapper.ClassPathMapperScanner      : Skipping MapperFactoryBean with name 'userMapper' and 'cn.hawy.quick.partner.modular.system.mapper.UserMapper' mapperInterface. Bean already defined with the same name!
2021-07-23 11:30:54.139  INFO 18732 --- [restartedMain] .s.d.r.c.RepositoryConfigurationDelegate : Multiple Spring Data modules found, entering strict repository configuration mode!
2021-07-23 11:30:54.140  INFO 18732 --- [restartedMain] .s.d.r.c.RepositoryConfigurationDelegate : Bootstrapping Spring Data repositories in DEFAULT mode.
2021-07-23 11:30:54.204  INFO 18732 --- [restartedMain] .s.d.r.c.RepositoryConfigurationDelegate : Finished Spring Data repository scanning in 55ms. Found 0 repository interfaces.
2021-07-23 11:30:54.437  INFO 18732 --- [restartedMain] trationDelegate$BeanPostProcessorChecker : Bean 'shiroConfig' of type [cn.hawy.quick.partner.config.web.ShiroConfig$$EnhancerBySpringCGLIB$$f839d2a] is not eligible for getting processed by all BeanPostProcessors (for example: not eligible for auto-proxying)
2021-07-23 11:30:54.477  INFO 18732 --- [restartedMain] trationDelegate$BeanPostProcessorChecker : Bean 'rememberMeCookie' of type [org.apache.shiro.web.servlet.SimpleCookie] is not eligible for getting processed by all BeanPostProcessors (for example: not eligible for auto-proxying)
2021-07-23 11:30:54.510  INFO 18732 --- [restartedMain] trationDelegate$BeanPostProcessorChecker : Bean 'rememberMeManager' of type [org.apache.shiro.web.mgt.CookieRememberMeManager] is not eligible for getting processed by all BeanPostProcessors (for example: not eligible for auto-proxying)
2021-07-23 11:30:54.514  INFO 18732 --- [restartedMain] trationDelegate$BeanPostProcessorChecker : Bean 'ehCacheConfig' of type [cn.hawy.quick.partner.config.EhCacheConfig$$EnhancerBySpringCGLIB$$aeefe8b2] is not eligible for getting processed by all BeanPostProcessors (for example: not eligible for auto-proxying)
2021-07-23 11:30:54.516  INFO 18732 --- [restartedMain] o.s.c.ehcache.EhCacheManagerFactoryBean  : Initializing EhCache CacheManager
2021-07-23 11:30:54.640  INFO 18732 --- [restartedMain] trationDelegate$BeanPostProcessorChecker : Bean 'ehcache' of type [org.springframework.cache.ehcache.EhCacheManagerFactoryBean] is not eligible for getting processed by all BeanPostProcessors (for example: not eligible for auto-proxying)
2021-07-23 11:30:54.643  INFO 18732 --- [restartedMain] trationDelegate$BeanPostProcessorChecker : Bean 'getCacheShiroManager' of type [org.apache.shiro.cache.ehcache.EhCacheManager] is not eligible for getting processed by all BeanPostProcessors (for example: not eligible for auto-proxying)
2021-07-23 11:30:54.659  INFO 18732 --- [restartedMain] trationDelegate$BeanPostProcessorChecker : Bean 'gunsProperties' of type [cn.hawy.quick.partner.config.properties.GunsProperties] is not eligible for getting processed by all BeanPostProcessors (for example: not eligible for auto-proxying)
2021-07-23 11:30:54.664  INFO 18732 --- [restartedMain] trationDelegate$BeanPostProcessorChecker : Bean 'defaultWebSessionManager' of type [cn.hawy.quick.partner.core.shiro.AngWebSessionManager] is not eligible for getting processed by all BeanPostProcessors (for example: not eligible for auto-proxying)
2021-07-23 11:30:54.673  INFO 18732 --- [restartedMain] trationDelegate$BeanPostProcessorChecker : Bean 'shiroDbRealm' of type [cn.hawy.quick.partner.core.shiro.ShiroDbRealm] is not eligible for getting processed by all BeanPostProcessors (for example: not eligible for auto-proxying)
2021-07-23 11:30:54.673  INFO 18732 --- [restartedMain] o.a.shiro.cache.ehcache.EhCacheManager   : Cache with name 'cn.hawy.quick.partner.core.shiro.ShiroDbRealm.authorizationCache' does not yet exist.  Creating now.
2021-07-23 11:30:54.681  INFO 18732 --- [restartedMain] o.a.shiro.cache.ehcache.EhCacheManager   : Added EhCache named [cn.hawy.quick.partner.core.shiro.ShiroDbRealm.authorizationCache]
2021-07-23 11:30:54.682  INFO 18732 --- [restartedMain] trationDelegate$BeanPostProcessorChecker : Bean 'securityManager' of type [org.apache.shiro.web.mgt.DefaultWebSecurityManager] is not eligible for getting processed by all BeanPostProcessors (for example: not eligible for auto-proxying)
2021-07-23 11:30:54.684  INFO 18732 --- [restartedMain] trationDelegate$BeanPostProcessorChecker : Bean 'methodInvokingFactoryBean' of type [org.springframework.beans.factory.config.MethodInvokingFactoryBean] is not eligible for getting processed by all BeanPostProcessors (for example: not eligible for auto-proxying)
2021-07-23 11:30:54.693  INFO 18732 --- [restartedMain] trationDelegate$BeanPostProcessorChecker : Bean 'webConfig' of type [cn.hawy.quick.partner.config.web.WebConfig$$EnhancerBySpringCGLIB$$3dc4f9ed] is not eligible for getting processed by all BeanPostProcessors (for example: not eligible for auto-proxying)
2021-07-23 11:30:54.737  INFO 18732 --- [restartedMain] trationDelegate$BeanPostProcessorChecker : Bean 'authorizationAttributeSourceAdvisor' of type [org.apache.shiro.spring.security.interceptor.AuthorizationAttributeSourceAdvisor] is not eligible for getting processed by all BeanPostProcessors (for example: not eligible for auto-proxying)
2021-07-23 11:30:54.741  INFO 18732 --- [restartedMain] trationDelegate$BeanPostProcessorChecker : Bean 'druidStatPointcut' of type [org.springframework.aop.support.JdkRegexpMethodPointcut] is not eligible for getting processed by all BeanPostProcessors (for example: not eligible for auto-proxying)
2021-07-23 11:30:54.746  INFO 18732 --- [restartedMain] trationDelegate$BeanPostProcessorChecker : Bean 'druidStatInterceptor' of type [com.alibaba.druid.support.spring.stat.DruidStatInterceptor] is not eligible for getting processed by all BeanPostProcessors (for example: not eligible for auto-proxying)
2021-07-23 11:30:54.746  INFO 18732 --- [restartedMain] trationDelegate$BeanPostProcessorChecker : Bean 'druidStatAdvisor' of type [org.springframework.aop.support.DefaultPointcutAdvisor] is not eligible for getting processed by all BeanPostProcessors (for example: not eligible for auto-proxying)
2021-07-23 11:30:54.788  INFO 18732 --- [restartedMain] trationDelegate$BeanPostProcessorChecker : Bean 'org.springframework.transaction.annotation.ProxyTransactionManagementConfiguration' of type [org.springframework.transaction.annotation.ProxyTransactionManagementConfiguration$$EnhancerBySpringCGLIB$$816f3c61] is not eligible for getting processed by all BeanPostProcessors (for example: not eligible for auto-proxying)
2021-07-23 11:30:55.349  INFO 18732 --- [restartedMain] o.s.b.w.embedded.tomcat.TomcatWebServer  : Tomcat initialized with port(s): 8020 (http)
2021-07-23 11:30:55.367  INFO 18732 --- [restartedMain] o.apache.catalina.core.StandardService   : Starting service [Tomcat]
2021-07-23 11:30:55.367  INFO 18732 --- [restartedMain] org.apache.catalina.core.StandardEngine  : Starting Servlet Engine: Apache Tomcat/9.0.13
2021-07-23 11:30:55.373  INFO 18732 --- [restartedMain] o.a.catalina.core.AprLifecycleListener   : Loaded APR based Apache Tomcat Native library [1.2.23] using APR version [1.7.0].
2021-07-23 11:30:55.373  INFO 18732 --- [restartedMain] o.a.catalina.core.AprLifecycleListener   : APR capabilities: IPv6 [true], sendfile [true], accept filters [false], random [true].
2021-07-23 11:30:55.374  INFO 18732 --- [restartedMain] o.a.catalina.core.AprLifecycleListener   : APR/OpenSSL configuration: useAprConnector [false], useOpenSSL [true]
2021-07-23 11:30:55.377  INFO 18732 --- [restartedMain] o.a.catalina.core.AprLifecycleListener   : OpenSSL successfully initialized [OpenSSL 1.1.1c  28 May 2019]
2021-07-23 11:30:55.511  INFO 18732 --- [restartedMain] o.a.c.c.C.[Tomcat].[localhost].[/]       : Initializing Spring embedded WebApplicationContext
2021-07-23 11:30:55.511  INFO 18732 --- [restartedMain] o.s.web.context.ContextLoader            : Root WebApplicationContext: initialization completed in 2836 ms
2021-07-23 11:30:56.007  INFO 18732 --- [restartedMain] o.s.s.concurrent.ThreadPoolTaskExecutor  : Initializing ExecutorService 'applicationTaskExecutor'
2021-07-23 11:30:56.181  INFO 18732 --- [restartedMain] o.s.b.d.a.OptionalLiveReloadServer       : LiveReload server is running on port 35729
2021-07-23 11:30:57.086  INFO 18732 --- [restartedMain] com.alibaba.druid.pool.DruidDataSource   : {dataSource-1} inited
2021-07-23 11:30:58.948  INFO 18732 --- [restartedMain] pertySourcedRequestMappingHandlerMapping : Mapped URL path [/v2/api-docs] onto method [public org.springframework.http.ResponseEntity<springfox.documentation.spring.web.json.Json> springfox.documentation.swagger2.web.Swagger2Controller.getDocumentation(java.lang.String,javax.servlet.http.HttpServletRequest)]
2021-07-23 11:30:59.578  INFO 18732 --- [restartedMain] o.s.s.c.ThreadPoolTaskScheduler          : Initializing ExecutorService 'taskScheduler'
2021-07-23 11:30:59.646  INFO 18732 --- [restartedMain] d.s.w.p.DocumentationPluginsBootstrapper : Context refreshed
2021-07-23 11:30:59.661  INFO 18732 --- [restartedMain] d.s.w.p.DocumentationPluginsBootstrapper : Found 1 custom documentation plugin(s)
2021-07-23 11:30:59.884  INFO 18732 --- [restartedMain] s.d.s.w.s.ApiListingReferenceScanner     : Scanning for api listing references
2021-07-23 11:31:00.017  INFO 18732 --- [restartedMain] .d.s.w.r.o.CachingOperationNameGenerator : Generating unique operation named: payOrderExcelListUsingGET_1
2021-07-23 11:31:00.018  INFO 18732 --- [restartedMain] .d.s.w.r.o.CachingOperationNameGenerator : Generating unique operation named: payOrderExcelListUsingHEAD_1
2021-07-23 11:31:00.019  INFO 18732 --- [restartedMain] .d.s.w.r.o.CachingOperationNameGenerator : Generating unique operation named: payOrderExcelListUsingPOST_1
2021-07-23 11:31:00.020  INFO 18732 --- [restartedMain] .d.s.w.r.o.CachingOperationNameGenerator : Generating unique operation named: payOrderExcelListUsingPUT_1
2021-07-23 11:31:00.021  INFO 18732 --- [restartedMain] .d.s.w.r.o.CachingOperationNameGenerator : Generating unique operation named: payOrderExcelListUsingPATCH_1
2021-07-23 11:31:00.022  INFO 18732 --- [restartedMain] .d.s.w.r.o.CachingOperationNameGenerator : Generating unique operation named: payOrderExcelListUsingDELETE_1
2021-07-23 11:31:00.022  INFO 18732 --- [restartedMain] .d.s.w.r.o.CachingOperationNameGenerator : Generating unique operation named: payOrderExcelListUsingOPTIONS_1
2021-07-23 11:31:00.023  INFO 18732 --- [restartedMain] .d.s.w.r.o.CachingOperationNameGenerator : Generating unique operation named: payOrderExcelListUsingTRACE_1
2021-07-23 11:31:00.114  INFO 18732 --- [restartedMain] .d.s.w.r.o.CachingOperationNameGenerator : Generating unique operation named: indexUsingGET_1
2021-07-23 11:31:00.114  INFO 18732 --- [restartedMain] .d.s.w.r.o.CachingOperationNameGenerator : Generating unique operation named: indexUsingHEAD_1
2021-07-23 11:31:00.114  INFO 18732 --- [restartedMain] .d.s.w.r.o.CachingOperationNameGenerator : Generating unique operation named: indexUsingPOST_1
2021-07-23 11:31:00.114  INFO 18732 --- [restartedMain] .d.s.w.r.o.CachingOperationNameGenerator : Generating unique operation named: indexUsingPUT_1
2021-07-23 11:31:00.115  INFO 18732 --- [restartedMain] .d.s.w.r.o.CachingOperationNameGenerator : Generating unique operation named: indexUsingPATCH_1
2021-07-23 11:31:00.115  INFO 18732 --- [restartedMain] .d.s.w.r.o.CachingOperationNameGenerator : Generating unique operation named: indexUsingDELETE_1
2021-07-23 11:31:00.115  INFO 18732 --- [restartedMain] .d.s.w.r.o.CachingOperationNameGenerator : Generating unique operation named: indexUsingOPTIONS_1
2021-07-23 11:31:00.116  INFO 18732 --- [restartedMain] .d.s.w.r.o.CachingOperationNameGenerator : Generating unique operation named: indexUsingTRACE_1
2021-07-23 11:31:00.117  INFO 18732 --- [restartedMain] .d.s.w.r.o.CachingOperationNameGenerator : Generating unique operation named: mchCashFlowListUsingGET_1
2021-07-23 11:31:00.118  INFO 18732 --- [restartedMain] .d.s.w.r.o.CachingOperationNameGenerator : Generating unique operation named: mchCashFlowListUsingHEAD_1
2021-07-23 11:31:00.118  INFO 18732 --- [restartedMain] .d.s.w.r.o.CachingOperationNameGenerator : Generating unique operation named: mchCashFlowListUsingPOST_1
2021-07-23 11:31:00.119  INFO 18732 --- [restartedMain] .d.s.w.r.o.CachingOperationNameGenerator : Generating unique operation named: mchCashFlowListUsingPUT_1
2021-07-23 11:31:00.120  INFO 18732 --- [restartedMain] .d.s.w.r.o.CachingOperationNameGenerator : Generating unique operation named: mchCashFlowListUsingPATCH_1
2021-07-23 11:31:00.120  INFO 18732 --- [restartedMain] .d.s.w.r.o.CachingOperationNameGenerator : Generating unique operation named: mchCashFlowListUsingDELETE_1
2021-07-23 11:31:00.121  INFO 18732 --- [restartedMain] .d.s.w.r.o.CachingOperationNameGenerator : Generating unique operation named: mchCashFlowListUsingOPTIONS_1
2021-07-23 11:31:00.122  INFO 18732 --- [restartedMain] .d.s.w.r.o.CachingOperationNameGenerator : Generating unique operation named: mchCashFlowListUsingTRACE_1
2021-07-23 11:31:00.124  INFO 18732 --- [restartedMain] .d.s.w.r.o.CachingOperationNameGenerator : Generating unique operation named: mchCashTjUsingGET_1
2021-07-23 11:31:00.125  INFO 18732 --- [restartedMain] .d.s.w.r.o.CachingOperationNameGenerator : Generating unique operation named: mchCashTjUsingHEAD_1
2021-07-23 11:31:00.125  INFO 18732 --- [restartedMain] .d.s.w.r.o.CachingOperationNameGenerator : Generating unique operation named: mchCashTjUsingPOST_1
2021-07-23 11:31:00.126  INFO 18732 --- [restartedMain] .d.s.w.r.o.CachingOperationNameGenerator : Generating unique operation named: mchCashTjUsingPUT_1
2021-07-23 11:31:00.126  INFO 18732 --- [restartedMain] .d.s.w.r.o.CachingOperationNameGenerator : Generating unique operation named: mchCashTjUsingPATCH_1
2021-07-23 11:31:00.126  INFO 18732 --- [restartedMain] .d.s.w.r.o.CachingOperationNameGenerator : Generating unique operation named: mchCashTjUsingDELETE_1
2021-07-23 11:31:00.127  INFO 18732 --- [restartedMain] .d.s.w.r.o.CachingOperationNameGenerator : Generating unique operation named: mchCashTjUsingOPTIONS_1
2021-07-23 11:31:00.127  INFO 18732 --- [restartedMain] .d.s.w.r.o.CachingOperationNameGenerator : Generating unique operation named: mchCashTjUsingTRACE_1
2021-07-23 11:31:00.129  INFO 18732 --- [restartedMain] .d.s.w.r.o.CachingOperationNameGenerator : Generating unique operation named: payOrderExcelListUsingGET_2
2021-07-23 11:31:00.130  INFO 18732 --- [restartedMain] .d.s.w.r.o.CachingOperationNameGenerator : Generating unique operation named: payOrderExcelListUsingHEAD_2
2021-07-23 11:31:00.130  INFO 18732 --- [restartedMain] .d.s.w.r.o.CachingOperationNameGenerator : Generating unique operation named: payOrderExcelListUsingPOST_2
2021-07-23 11:31:00.131  INFO 18732 --- [restartedMain] .d.s.w.r.o.CachingOperationNameGenerator : Generating unique operation named: payOrderExcelListUsingPUT_2
2021-07-23 11:31:00.132  INFO 18732 --- [restartedMain] .d.s.w.r.o.CachingOperationNameGenerator : Generating unique operation named: payOrderExcelListUsingPATCH_2
2021-07-23 11:31:00.132  INFO 18732 --- [restartedMain] .d.s.w.r.o.CachingOperationNameGenerator : Generating unique operation named: payOrderExcelListUsingDELETE_2
2021-07-23 11:31:00.133  INFO 18732 --- [restartedMain] .d.s.w.r.o.CachingOperationNameGenerator : Generating unique operation named: payOrderExcelListUsingOPTIONS_2
2021-07-23 11:31:00.134  INFO 18732 --- [restartedMain] .d.s.w.r.o.CachingOperationNameGenerator : Generating unique operation named: payOrderExcelListUsingTRACE_2
2021-07-23 11:31:00.138  INFO 18732 --- [restartedMain] .d.s.w.r.o.CachingOperationNameGenerator : Generating unique operation named: payOrderlistUsingGET_1
2021-07-23 11:31:00.139  INFO 18732 --- [restartedMain] .d.s.w.r.o.CachingOperationNameGenerator : Generating unique operation named: payOrderlistUsingHEAD_1
2021-07-23 11:31:00.140  INFO 18732 --- [restartedMain] .d.s.w.r.o.CachingOperationNameGenerator : Generating unique operation named: payOrderlistUsingPOST_1
2021-07-23 11:31:00.140  INFO 18732 --- [restartedMain] .d.s.w.r.o.CachingOperationNameGenerator : Generating unique operation named: payOrderlistUsingPUT_1
2021-07-23 11:31:00.141  INFO 18732 --- [restartedMain] .d.s.w.r.o.CachingOperationNameGenerator : Generating unique operation named: payOrderlistUsingPATCH_1
2021-07-23 11:31:00.141  INFO 18732 --- [restartedMain] .d.s.w.r.o.CachingOperationNameGenerator : Generating unique operation named: payOrderlistUsingDELETE_1
2021-07-23 11:31:00.142  INFO 18732 --- [restartedMain] .d.s.w.r.o.CachingOperationNameGenerator : Generating unique operation named: payOrderlistUsingOPTIONS_1
2021-07-23 11:31:00.142  INFO 18732 --- [restartedMain] .d.s.w.r.o.CachingOperationNameGenerator : Generating unique operation named: payOrderlistUsingTRACE_1
2021-07-23 11:31:00.194  INFO 18732 --- [restartedMain] o.s.b.w.embedded.tomcat.TomcatWebServer  : Tomcat started on port(s): 8020 (http) with context path ''
2021-07-23 11:31:00.197  INFO 18732 --- [restartedMain] cn.hawy.quick.partner.GunsApplication    : Started GunsApplication in 8.097 seconds (JVM running for 11.138)
2021-07-23 11:31:00.201  INFO 18732 --- [restartedMain] cn.hawy.quick.partner.GunsApplication    : GunsApplication is success!
2021-07-23 11:31:06.867  INFO 18732 --- [http-nio-8020-exec-1] o.a.c.c.C.[Tomcat].[localhost].[/]       : Initializing Spring DispatcherServlet 'dispatcherServlet'
2021-07-23 11:31:06.868  INFO 18732 --- [http-nio-8020-exec-1] o.s.web.servlet.DispatcherServlet        : Initializing Servlet 'dispatcherServlet'
2021-07-23 11:31:06.883  INFO 18732 --- [http-nio-8020-exec-1] o.s.web.servlet.DispatcherServlet        : Completed initialization in 15 ms
2021-07-23 11:31:06.892  INFO 18732 --- [http-nio-8020-exec-1] a.s.s.m.AbstractValidatingSessionManager : Enabling session validation scheduler...
