2021-07-19 13:57:47.567  INFO 12400 --- [restartedMain] cn.hawy.quick.agent.GunsApplication      : Starting GunsApplication on DESKTOP-1CG5MRD with PID 12400 (E:\ideaProjects\square\quick-agent\target\classes started by Administrator in E:\ideaProjects\square)
2021-07-19 13:57:47.584  INFO 12400 --- [restartedMain] cn.hawy.quick.agent.GunsApplication      : The following profiles are active: dev
2021-07-19 13:57:47.625  INFO 12400 --- [restartedMain] .e.DevToolsPropertyDefaultsPostProcessor : Devtools property defaults active! Set 'spring.devtools.add-properties' to 'false' to disable
2021-07-19 13:57:47.626  INFO 12400 --- [restartedMain] .e.DevToolsPropertyDefaultsPostProcessor : For additional web related logging consider setting the 'logging.level.web' property to 'DEBUG'
2021-07-19 13:57:48.994  WARN 12400 --- [restartedMain] o.m.s.mapper.ClassPathMapperScanner      : Skipping MapperFactoryBean with name 'TAgentAccountFlowMapper' and 'cn.hawy.quick.agent.modular.business.mapper.TAgentAccountFlowMapper' mapperInterface. Bean already defined with the same name!
2021-07-19 13:57:48.994  WARN 12400 --- [restartedMain] o.m.s.mapper.ClassPathMapperScanner      : Skipping MapperFactoryBean with name 'TAgentCashFlowMapper' and 'cn.hawy.quick.agent.modular.business.mapper.TAgentCashFlowMapper' mapperInterface. Bean already defined with the same name!
2021-07-19 13:57:48.994  WARN 12400 --- [restartedMain] o.m.s.mapper.ClassPathMapperScanner      : Skipping MapperFactoryBean with name 'TAgentInfoMapper' and 'cn.hawy.quick.agent.modular.business.mapper.TAgentInfoMapper' mapperInterface. Bean already defined with the same name!
2021-07-19 13:57:48.994  WARN 12400 --- [restartedMain] o.m.s.mapper.ClassPathMapperScanner      : Skipping MapperFactoryBean with name 'TAgentRateChannelMapper' and 'cn.hawy.quick.agent.modular.business.mapper.TAgentRateChannelMapper' mapperInterface. Bean already defined with the same name!
2021-07-19 13:57:48.994  WARN 12400 --- [restartedMain] o.m.s.mapper.ClassPathMapperScanner      : Skipping MapperFactoryBean with name 'TDeptInfoMapper' and 'cn.hawy.quick.agent.modular.business.mapper.TDeptInfoMapper' mapperInterface. Bean already defined with the same name!
2021-07-19 13:57:48.995  WARN 12400 --- [restartedMain] o.m.s.mapper.ClassPathMapperScanner      : Skipping MapperFactoryBean with name 'TPayOrderMapper' and 'cn.hawy.quick.agent.modular.business.mapper.TPayOrderMapper' mapperInterface. Bean already defined with the same name!
2021-07-19 13:57:48.995  WARN 12400 --- [restartedMain] o.m.s.mapper.ClassPathMapperScanner      : Skipping MapperFactoryBean with name 'dictMapper' and 'cn.hawy.quick.agent.modular.system.mapper.DictMapper' mapperInterface. Bean already defined with the same name!
2021-07-19 13:57:48.995  WARN 12400 --- [restartedMain] o.m.s.mapper.ClassPathMapperScanner      : Skipping MapperFactoryBean with name 'menuMapper' and 'cn.hawy.quick.agent.modular.system.mapper.MenuMapper' mapperInterface. Bean already defined with the same name!
2021-07-19 13:57:48.995  WARN 12400 --- [restartedMain] o.m.s.mapper.ClassPathMapperScanner      : Skipping MapperFactoryBean with name 'userMapper' and 'cn.hawy.quick.agent.modular.system.mapper.UserMapper' mapperInterface. Bean already defined with the same name!
2021-07-19 13:57:49.042  INFO 12400 --- [restartedMain] .s.d.r.c.RepositoryConfigurationDelegate : Multiple Spring Data modules found, entering strict repository configuration mode!
2021-07-19 13:57:49.044  INFO 12400 --- [restartedMain] .s.d.r.c.RepositoryConfigurationDelegate : Bootstrapping Spring Data repositories in DEFAULT mode.
2021-07-19 13:57:49.078  INFO 12400 --- [restartedMain] .s.d.r.c.RepositoryConfigurationDelegate : Finished Spring Data repository scanning in 26ms. Found 0 repository interfaces.
2021-07-19 13:57:49.283  INFO 12400 --- [restartedMain] trationDelegate$BeanPostProcessorChecker : Bean 'shiroConfig' of type [cn.hawy.quick.agent.config.web.ShiroConfig$$EnhancerBySpringCGLIB$$97c53768] is not eligible for getting processed by all BeanPostProcessors (for example: not eligible for auto-proxying)
2021-07-19 13:57:49.319  INFO 12400 --- [restartedMain] trationDelegate$BeanPostProcessorChecker : Bean 'rememberMeCookie' of type [org.apache.shiro.web.servlet.SimpleCookie] is not eligible for getting processed by all BeanPostProcessors (for example: not eligible for auto-proxying)
2021-07-19 13:57:49.479  INFO 12400 --- [restartedMain] trationDelegate$BeanPostProcessorChecker : Bean 'rememberMeManager' of type [org.apache.shiro.web.mgt.CookieRememberMeManager] is not eligible for getting processed by all BeanPostProcessors (for example: not eligible for auto-proxying)
2021-07-19 13:57:49.482  INFO 12400 --- [restartedMain] trationDelegate$BeanPostProcessorChecker : Bean 'ehCacheConfig' of type [cn.hawy.quick.agent.config.EhCacheConfig$$EnhancerBySpringCGLIB$$e76f57b0] is not eligible for getting processed by all BeanPostProcessors (for example: not eligible for auto-proxying)
2021-07-19 13:57:49.484  INFO 12400 --- [restartedMain] o.s.c.ehcache.EhCacheManagerFactoryBean  : Initializing EhCache CacheManager
2021-07-19 13:57:49.585  INFO 12400 --- [restartedMain] trationDelegate$BeanPostProcessorChecker : Bean 'ehcache' of type [org.springframework.cache.ehcache.EhCacheManagerFactoryBean] is not eligible for getting processed by all BeanPostProcessors (for example: not eligible for auto-proxying)
2021-07-19 13:57:49.587  INFO 12400 --- [restartedMain] trationDelegate$BeanPostProcessorChecker : Bean 'getCacheShiroManager' of type [org.apache.shiro.cache.ehcache.EhCacheManager] is not eligible for getting processed by all BeanPostProcessors (for example: not eligible for auto-proxying)
2021-07-19 13:57:49.603  INFO 12400 --- [restartedMain] trationDelegate$BeanPostProcessorChecker : Bean 'gunsProperties' of type [cn.hawy.quick.agent.config.properties.GunsProperties] is not eligible for getting processed by all BeanPostProcessors (for example: not eligible for auto-proxying)
2021-07-19 13:57:49.609  INFO 12400 --- [restartedMain] trationDelegate$BeanPostProcessorChecker : Bean 'defaultWebSessionManager' of type [cn.hawy.quick.agent.core.shiro.AngWebSessionManager] is not eligible for getting processed by all BeanPostProcessors (for example: not eligible for auto-proxying)
2021-07-19 13:57:49.617  INFO 12400 --- [restartedMain] trationDelegate$BeanPostProcessorChecker : Bean 'shiroDbRealm' of type [cn.hawy.quick.agent.core.shiro.ShiroDbRealm] is not eligible for getting processed by all BeanPostProcessors (for example: not eligible for auto-proxying)
2021-07-19 13:57:49.618  INFO 12400 --- [restartedMain] o.a.shiro.cache.ehcache.EhCacheManager   : Cache with name 'cn.hawy.quick.agent.core.shiro.ShiroDbRealm.authorizationCache' does not yet exist.  Creating now.
2021-07-19 13:57:49.623  INFO 12400 --- [restartedMain] o.a.shiro.cache.ehcache.EhCacheManager   : Added EhCache named [cn.hawy.quick.agent.core.shiro.ShiroDbRealm.authorizationCache]
2021-07-19 13:57:49.624  INFO 12400 --- [restartedMain] trationDelegate$BeanPostProcessorChecker : Bean 'securityManager' of type [org.apache.shiro.web.mgt.DefaultWebSecurityManager] is not eligible for getting processed by all BeanPostProcessors (for example: not eligible for auto-proxying)
2021-07-19 13:57:49.627  INFO 12400 --- [restartedMain] trationDelegate$BeanPostProcessorChecker : Bean 'methodInvokingFactoryBean' of type [org.springframework.beans.factory.config.MethodInvokingFactoryBean] is not eligible for getting processed by all BeanPostProcessors (for example: not eligible for auto-proxying)
2021-07-19 13:57:49.635  INFO 12400 --- [restartedMain] trationDelegate$BeanPostProcessorChecker : Bean 'webConfig' of type [cn.hawy.quick.agent.config.web.WebConfig$$EnhancerBySpringCGLIB$$764468eb] is not eligible for getting processed by all BeanPostProcessors (for example: not eligible for auto-proxying)
2021-07-19 13:57:49.721  INFO 12400 --- [restartedMain] trationDelegate$BeanPostProcessorChecker : Bean 'authorizationAttributeSourceAdvisor' of type [org.apache.shiro.spring.security.interceptor.AuthorizationAttributeSourceAdvisor] is not eligible for getting processed by all BeanPostProcessors (for example: not eligible for auto-proxying)
2021-07-19 13:57:49.725  INFO 12400 --- [restartedMain] trationDelegate$BeanPostProcessorChecker : Bean 'druidStatPointcut' of type [org.springframework.aop.support.JdkRegexpMethodPointcut] is not eligible for getting processed by all BeanPostProcessors (for example: not eligible for auto-proxying)
2021-07-19 13:57:49.729  INFO 12400 --- [restartedMain] trationDelegate$BeanPostProcessorChecker : Bean 'druidStatInterceptor' of type [com.alibaba.druid.support.spring.stat.DruidStatInterceptor] is not eligible for getting processed by all BeanPostProcessors (for example: not eligible for auto-proxying)
2021-07-19 13:57:49.730  INFO 12400 --- [restartedMain] trationDelegate$BeanPostProcessorChecker : Bean 'druidStatAdvisor' of type [org.springframework.aop.support.DefaultPointcutAdvisor] is not eligible for getting processed by all BeanPostProcessors (for example: not eligible for auto-proxying)
2021-07-19 13:57:49.771  INFO 12400 --- [restartedMain] trationDelegate$BeanPostProcessorChecker : Bean 'org.springframework.transaction.annotation.ProxyTransactionManagementConfiguration' of type [org.springframework.transaction.annotation.ProxyTransactionManagementConfiguration$$EnhancerBySpringCGLIB$$df2ebbdc] is not eligible for getting processed by all BeanPostProcessors (for example: not eligible for auto-proxying)
2021-07-19 13:57:50.191  INFO 12400 --- [restartedMain] o.s.b.w.embedded.tomcat.TomcatWebServer  : Tomcat initialized with port(s): 8030 (http)
2021-07-19 13:57:50.206  INFO 12400 --- [restartedMain] o.apache.catalina.core.StandardService   : Starting service [Tomcat]
2021-07-19 13:57:50.206  INFO 12400 --- [restartedMain] org.apache.catalina.core.StandardEngine  : Starting Servlet Engine: Apache Tomcat/9.0.13
2021-07-19 13:57:50.211  INFO 12400 --- [restartedMain] o.a.catalina.core.AprLifecycleListener   : The APR based Apache Tomcat Native library which allows optimal performance in production environments was not found on the java.library.path: [D:\Program Files\Java\jdk1.8.0_191\bin;C:\Windows\Sun\Java\bin;C:\Windows\system32;C:\Windows;C:\Program Files (x86)\Common Files\Oracle\Java\javapath;C:\Windows\system32;C:\Windows;C:\Windows\System32\Wbem;C:\Windows\System32\WindowsPowerShell\v1.0\;C:\Windows\System32\OpenSSH\;C:\Program Files\Git\cmd;D:\Program Files\apache-maven-3.3.9\bin;D:\Program Files\Java\jdk1.8.0_191\bin;D:\Program Files\Java\jdk1.8.0_191\jre\bin;D:\Program Files\nodejs\;C:\Users\Administrator\AppData\Local\Microsoft\WindowsApps;D:\Program Files (x86)\IDM Computer Solutions\UltraEdit\;C:\Users\Administrator\AppData\Roaming\npm;.]
2021-07-19 13:57:50.295  INFO 12400 --- [restartedMain] o.a.c.c.C.[Tomcat].[localhost].[/]       : Initializing Spring embedded WebApplicationContext
2021-07-19 13:57:50.295  INFO 12400 --- [restartedMain] o.s.web.context.ContextLoader            : Root WebApplicationContext: initialization completed in 2669 ms
2021-07-19 13:57:50.730  INFO 12400 --- [restartedMain] o.s.s.concurrent.ThreadPoolTaskExecutor  : Initializing ExecutorService 'applicationTaskExecutor'
2021-07-19 13:57:50.894  INFO 12400 --- [restartedMain] o.s.b.d.a.OptionalLiveReloadServer       : LiveReload server is running on port 35729
2021-07-19 13:57:51.780  INFO 12400 --- [restartedMain] com.alibaba.druid.pool.DruidDataSource   : {dataSource-1} inited
2021-07-19 13:57:53.537  INFO 12400 --- [restartedMain] pertySourcedRequestMappingHandlerMapping : Mapped URL path [/v2/api-docs] onto method [public org.springframework.http.ResponseEntity<springfox.documentation.spring.web.json.Json> springfox.documentation.swagger2.web.Swagger2Controller.getDocumentation(java.lang.String,javax.servlet.http.HttpServletRequest)]
2021-07-19 13:57:54.291  INFO 12400 --- [restartedMain] o.s.s.c.ThreadPoolTaskScheduler          : Initializing ExecutorService 'taskScheduler'
2021-07-19 13:57:54.362  INFO 12400 --- [restartedMain] d.s.w.p.DocumentationPluginsBootstrapper : Context refreshed
2021-07-19 13:57:54.376  INFO 12400 --- [restartedMain] d.s.w.p.DocumentationPluginsBootstrapper : Found 1 custom documentation plugin(s)
2021-07-19 13:57:54.402  INFO 12400 --- [restartedMain] s.d.s.w.s.ApiListingReferenceScanner     : Scanning for api listing references
2021-07-19 13:57:54.615  INFO 12400 --- [restartedMain] o.s.b.w.embedded.tomcat.TomcatWebServer  : Tomcat started on port(s): 8030 (http) with context path ''
2021-07-19 13:57:54.617  INFO 12400 --- [restartedMain] cn.hawy.quick.agent.GunsApplication      : Started GunsApplication in 7.398 seconds (JVM running for 8.083)
2021-07-19 13:57:54.621  INFO 12400 --- [restartedMain] cn.hawy.quick.agent.GunsApplication      : GunsApplication is success!
2021-07-19 13:59:39.018  INFO 12400 --- [Thread-24] o.s.s.c.ThreadPoolTaskScheduler          : Shutting down ExecutorService 'taskScheduler'
2021-07-19 13:59:39.035  INFO 12400 --- [Thread-24] com.alibaba.druid.pool.DruidDataSource   : {dataSource-1} closed
2021-07-19 13:59:39.036  INFO 12400 --- [Thread-24] o.s.s.concurrent.ThreadPoolTaskExecutor  : Shutting down ExecutorService 'applicationTaskExecutor'
2021-07-19 13:59:39.037  INFO 12400 --- [Thread-24] o.s.c.ehcache.EhCacheManagerFactoryBean  : Shutting down EhCache CacheManager
2021-07-19 13:59:44.511  INFO 17944 --- [restartedMain] cn.hawy.quick.agent.GunsApplication      : Starting GunsApplication on DESKTOP-1CG5MRD with PID 17944 (E:\ideaProjects\square\quick-agent\target\classes started by Administrator in E:\ideaProjects\square)
2021-07-19 13:59:44.513  INFO 17944 --- [restartedMain] cn.hawy.quick.agent.GunsApplication      : The following profiles are active: dev
2021-07-19 13:59:44.555  INFO 17944 --- [restartedMain] .e.DevToolsPropertyDefaultsPostProcessor : Devtools property defaults active! Set 'spring.devtools.add-properties' to 'false' to disable
2021-07-19 13:59:44.555  INFO 17944 --- [restartedMain] .e.DevToolsPropertyDefaultsPostProcessor : For additional web related logging consider setting the 'logging.level.web' property to 'DEBUG'
2021-07-19 13:59:45.863  WARN 17944 --- [restartedMain] o.m.s.mapper.ClassPathMapperScanner      : Skipping MapperFactoryBean with name 'TAgentAccountFlowMapper' and 'cn.hawy.quick.agent.modular.business.mapper.TAgentAccountFlowMapper' mapperInterface. Bean already defined with the same name!
2021-07-19 13:59:45.863  WARN 17944 --- [restartedMain] o.m.s.mapper.ClassPathMapperScanner      : Skipping MapperFactoryBean with name 'TAgentCashFlowMapper' and 'cn.hawy.quick.agent.modular.business.mapper.TAgentCashFlowMapper' mapperInterface. Bean already defined with the same name!
2021-07-19 13:59:45.863  WARN 17944 --- [restartedMain] o.m.s.mapper.ClassPathMapperScanner      : Skipping MapperFactoryBean with name 'TAgentInfoMapper' and 'cn.hawy.quick.agent.modular.business.mapper.TAgentInfoMapper' mapperInterface. Bean already defined with the same name!
2021-07-19 13:59:45.863  WARN 17944 --- [restartedMain] o.m.s.mapper.ClassPathMapperScanner      : Skipping MapperFactoryBean with name 'TAgentRateChannelMapper' and 'cn.hawy.quick.agent.modular.business.mapper.TAgentRateChannelMapper' mapperInterface. Bean already defined with the same name!
2021-07-19 13:59:45.863  WARN 17944 --- [restartedMain] o.m.s.mapper.ClassPathMapperScanner      : Skipping MapperFactoryBean with name 'TDeptInfoMapper' and 'cn.hawy.quick.agent.modular.business.mapper.TDeptInfoMapper' mapperInterface. Bean already defined with the same name!
2021-07-19 13:59:45.863  WARN 17944 --- [restartedMain] o.m.s.mapper.ClassPathMapperScanner      : Skipping MapperFactoryBean with name 'TPayOrderMapper' and 'cn.hawy.quick.agent.modular.business.mapper.TPayOrderMapper' mapperInterface. Bean already defined with the same name!
2021-07-19 13:59:45.863  WARN 17944 --- [restartedMain] o.m.s.mapper.ClassPathMapperScanner      : Skipping MapperFactoryBean with name 'dictMapper' and 'cn.hawy.quick.agent.modular.system.mapper.DictMapper' mapperInterface. Bean already defined with the same name!
2021-07-19 13:59:45.863  WARN 17944 --- [restartedMain] o.m.s.mapper.ClassPathMapperScanner      : Skipping MapperFactoryBean with name 'menuMapper' and 'cn.hawy.quick.agent.modular.system.mapper.MenuMapper' mapperInterface. Bean already defined with the same name!
2021-07-19 13:59:45.864  WARN 17944 --- [restartedMain] o.m.s.mapper.ClassPathMapperScanner      : Skipping MapperFactoryBean with name 'userMapper' and 'cn.hawy.quick.agent.modular.system.mapper.UserMapper' mapperInterface. Bean already defined with the same name!
2021-07-19 13:59:45.903  INFO 17944 --- [restartedMain] .s.d.r.c.RepositoryConfigurationDelegate : Multiple Spring Data modules found, entering strict repository configuration mode!
2021-07-19 13:59:45.904  INFO 17944 --- [restartedMain] .s.d.r.c.RepositoryConfigurationDelegate : Bootstrapping Spring Data repositories in DEFAULT mode.
2021-07-19 13:59:45.939  INFO 17944 --- [restartedMain] .s.d.r.c.RepositoryConfigurationDelegate : Finished Spring Data repository scanning in 25ms. Found 0 repository interfaces.
2021-07-19 13:59:46.143  INFO 17944 --- [restartedMain] trationDelegate$BeanPostProcessorChecker : Bean 'shiroConfig' of type [cn.hawy.quick.agent.config.web.ShiroConfig$$EnhancerBySpringCGLIB$$4854aa1c] is not eligible for getting processed by all BeanPostProcessors (for example: not eligible for auto-proxying)
2021-07-19 13:59:46.183  INFO 17944 --- [restartedMain] trationDelegate$BeanPostProcessorChecker : Bean 'rememberMeCookie' of type [org.apache.shiro.web.servlet.SimpleCookie] is not eligible for getting processed by all BeanPostProcessors (for example: not eligible for auto-proxying)
2021-07-19 13:59:46.350  INFO 17944 --- [restartedMain] trationDelegate$BeanPostProcessorChecker : Bean 'rememberMeManager' of type [org.apache.shiro.web.mgt.CookieRememberMeManager] is not eligible for getting processed by all BeanPostProcessors (for example: not eligible for auto-proxying)
2021-07-19 13:59:46.354  INFO 17944 --- [restartedMain] trationDelegate$BeanPostProcessorChecker : Bean 'ehCacheConfig' of type [cn.hawy.quick.agent.config.EhCacheConfig$$EnhancerBySpringCGLIB$$97feca64] is not eligible for getting processed by all BeanPostProcessors (for example: not eligible for auto-proxying)
2021-07-19 13:59:46.356  INFO 17944 --- [restartedMain] o.s.c.ehcache.EhCacheManagerFactoryBean  : Initializing EhCache CacheManager
2021-07-19 13:59:46.457  INFO 17944 --- [restartedMain] trationDelegate$BeanPostProcessorChecker : Bean 'ehcache' of type [org.springframework.cache.ehcache.EhCacheManagerFactoryBean] is not eligible for getting processed by all BeanPostProcessors (for example: not eligible for auto-proxying)
2021-07-19 13:59:46.459  INFO 17944 --- [restartedMain] trationDelegate$BeanPostProcessorChecker : Bean 'getCacheShiroManager' of type [org.apache.shiro.cache.ehcache.EhCacheManager] is not eligible for getting processed by all BeanPostProcessors (for example: not eligible for auto-proxying)
2021-07-19 13:59:46.473  INFO 17944 --- [restartedMain] trationDelegate$BeanPostProcessorChecker : Bean 'gunsProperties' of type [cn.hawy.quick.agent.config.properties.GunsProperties] is not eligible for getting processed by all BeanPostProcessors (for example: not eligible for auto-proxying)
2021-07-19 13:59:46.477  INFO 17944 --- [restartedMain] trationDelegate$BeanPostProcessorChecker : Bean 'defaultWebSessionManager' of type [cn.hawy.quick.agent.core.shiro.AngWebSessionManager] is not eligible for getting processed by all BeanPostProcessors (for example: not eligible for auto-proxying)
2021-07-19 13:59:46.486  INFO 17944 --- [restartedMain] trationDelegate$BeanPostProcessorChecker : Bean 'shiroDbRealm' of type [cn.hawy.quick.agent.core.shiro.ShiroDbRealm] is not eligible for getting processed by all BeanPostProcessors (for example: not eligible for auto-proxying)
2021-07-19 13:59:46.487  INFO 17944 --- [restartedMain] o.a.shiro.cache.ehcache.EhCacheManager   : Cache with name 'cn.hawy.quick.agent.core.shiro.ShiroDbRealm.authorizationCache' does not yet exist.  Creating now.
2021-07-19 13:59:46.492  INFO 17944 --- [restartedMain] o.a.shiro.cache.ehcache.EhCacheManager   : Added EhCache named [cn.hawy.quick.agent.core.shiro.ShiroDbRealm.authorizationCache]
2021-07-19 13:59:46.493  INFO 17944 --- [restartedMain] trationDelegate$BeanPostProcessorChecker : Bean 'securityManager' of type [org.apache.shiro.web.mgt.DefaultWebSecurityManager] is not eligible for getting processed by all BeanPostProcessors (for example: not eligible for auto-proxying)
2021-07-19 13:59:46.495  INFO 17944 --- [restartedMain] trationDelegate$BeanPostProcessorChecker : Bean 'methodInvokingFactoryBean' of type [org.springframework.beans.factory.config.MethodInvokingFactoryBean] is not eligible for getting processed by all BeanPostProcessors (for example: not eligible for auto-proxying)
2021-07-19 13:59:46.504  INFO 17944 --- [restartedMain] trationDelegate$BeanPostProcessorChecker : Bean 'webConfig' of type [cn.hawy.quick.agent.config.web.WebConfig$$EnhancerBySpringCGLIB$$26d3db9f] is not eligible for getting processed by all BeanPostProcessors (for example: not eligible for auto-proxying)
2021-07-19 13:59:46.588  INFO 17944 --- [restartedMain] trationDelegate$BeanPostProcessorChecker : Bean 'authorizationAttributeSourceAdvisor' of type [org.apache.shiro.spring.security.interceptor.AuthorizationAttributeSourceAdvisor] is not eligible for getting processed by all BeanPostProcessors (for example: not eligible for auto-proxying)
2021-07-19 13:59:46.592  INFO 17944 --- [restartedMain] trationDelegate$BeanPostProcessorChecker : Bean 'druidStatPointcut' of type [org.springframework.aop.support.JdkRegexpMethodPointcut] is not eligible for getting processed by all BeanPostProcessors (for example: not eligible for auto-proxying)
2021-07-19 13:59:46.597  INFO 17944 --- [restartedMain] trationDelegate$BeanPostProcessorChecker : Bean 'druidStatInterceptor' of type [com.alibaba.druid.support.spring.stat.DruidStatInterceptor] is not eligible for getting processed by all BeanPostProcessors (for example: not eligible for auto-proxying)
2021-07-19 13:59:46.597  INFO 17944 --- [restartedMain] trationDelegate$BeanPostProcessorChecker : Bean 'druidStatAdvisor' of type [org.springframework.aop.support.DefaultPointcutAdvisor] is not eligible for getting processed by all BeanPostProcessors (for example: not eligible for auto-proxying)
2021-07-19 13:59:46.637  INFO 17944 --- [restartedMain] trationDelegate$BeanPostProcessorChecker : Bean 'org.springframework.transaction.annotation.ProxyTransactionManagementConfiguration' of type [org.springframework.transaction.annotation.ProxyTransactionManagementConfiguration$$EnhancerBySpringCGLIB$$8fbe2e90] is not eligible for getting processed by all BeanPostProcessors (for example: not eligible for auto-proxying)
2021-07-19 13:59:47.058  INFO 17944 --- [restartedMain] o.s.b.w.embedded.tomcat.TomcatWebServer  : Tomcat initialized with port(s): 8030 (http)
2021-07-19 13:59:47.072  INFO 17944 --- [restartedMain] o.apache.catalina.core.StandardService   : Starting service [Tomcat]
2021-07-19 13:59:47.072  INFO 17944 --- [restartedMain] org.apache.catalina.core.StandardEngine  : Starting Servlet Engine: Apache Tomcat/9.0.13
2021-07-19 13:59:47.076  INFO 17944 --- [restartedMain] o.a.catalina.core.AprLifecycleListener   : The APR based Apache Tomcat Native library which allows optimal performance in production environments was not found on the java.library.path: [D:\Program Files\Java\jdk1.8.0_191\bin;C:\Windows\Sun\Java\bin;C:\Windows\system32;C:\Windows;C:\Program Files (x86)\Common Files\Oracle\Java\javapath;C:\Windows\system32;C:\Windows;C:\Windows\System32\Wbem;C:\Windows\System32\WindowsPowerShell\v1.0\;C:\Windows\System32\OpenSSH\;C:\Program Files\Git\cmd;D:\Program Files\apache-maven-3.3.9\bin;D:\Program Files\Java\jdk1.8.0_191\bin;D:\Program Files\Java\jdk1.8.0_191\jre\bin;D:\Program Files\nodejs\;C:\Users\Administrator\AppData\Local\Microsoft\WindowsApps;D:\Program Files (x86)\IDM Computer Solutions\UltraEdit\;C:\Users\Administrator\AppData\Roaming\npm;.]
2021-07-19 13:59:47.156  INFO 17944 --- [restartedMain] o.a.c.c.C.[Tomcat].[localhost].[/]       : Initializing Spring embedded WebApplicationContext
2021-07-19 13:59:47.156  INFO 17944 --- [restartedMain] o.s.web.context.ContextLoader            : Root WebApplicationContext: initialization completed in 2601 ms
2021-07-19 13:59:47.585  INFO 17944 --- [restartedMain] o.s.s.concurrent.ThreadPoolTaskExecutor  : Initializing ExecutorService 'applicationTaskExecutor'
2021-07-19 13:59:47.747  INFO 17944 --- [restartedMain] o.s.b.d.a.OptionalLiveReloadServer       : LiveReload server is running on port 35729
2021-07-19 13:59:48.437  INFO 17944 --- [restartedMain] com.alibaba.druid.pool.DruidDataSource   : {dataSource-1} inited
2021-07-19 13:59:50.137  INFO 17944 --- [restartedMain] pertySourcedRequestMappingHandlerMapping : Mapped URL path [/v2/api-docs] onto method [public org.springframework.http.ResponseEntity<springfox.documentation.spring.web.json.Json> springfox.documentation.swagger2.web.Swagger2Controller.getDocumentation(java.lang.String,javax.servlet.http.HttpServletRequest)]
2021-07-19 13:59:50.775  INFO 17944 --- [restartedMain] o.s.s.c.ThreadPoolTaskScheduler          : Initializing ExecutorService 'taskScheduler'
2021-07-19 13:59:51.005  INFO 17944 --- [restartedMain] d.s.w.p.DocumentationPluginsBootstrapper : Context refreshed
2021-07-19 13:59:51.019  INFO 17944 --- [restartedMain] d.s.w.p.DocumentationPluginsBootstrapper : Found 1 custom documentation plugin(s)
2021-07-19 13:59:51.046  INFO 17944 --- [restartedMain] s.d.s.w.s.ApiListingReferenceScanner     : Scanning for api listing references
2021-07-19 13:59:51.250  INFO 17944 --- [restartedMain] o.s.b.w.embedded.tomcat.TomcatWebServer  : Tomcat started on port(s): 8030 (http) with context path ''
2021-07-19 13:59:51.252  INFO 17944 --- [restartedMain] cn.hawy.quick.agent.GunsApplication      : Started GunsApplication in 7.054 seconds (JVM running for 7.714)
2021-07-19 13:59:51.256  INFO 17944 --- [restartedMain] cn.hawy.quick.agent.GunsApplication      : GunsApplication is success!
2021-07-19 14:00:16.199  INFO 17944 --- [Thread-23] o.s.s.c.ThreadPoolTaskScheduler          : Shutting down ExecutorService 'taskScheduler'
2021-07-19 14:00:16.215  INFO 17944 --- [Thread-23] com.alibaba.druid.pool.DruidDataSource   : {dataSource-1} closed
2021-07-19 14:00:16.216  INFO 17944 --- [Thread-23] o.s.s.concurrent.ThreadPoolTaskExecutor  : Shutting down ExecutorService 'applicationTaskExecutor'
2021-07-19 14:00:16.217  INFO 17944 --- [Thread-23] o.s.c.ehcache.EhCacheManagerFactoryBean  : Shutting down EhCache CacheManager
